{"/Users/kenr/Code/nodots-backgammon/nodots-backgammon-api/src/db/Games/index.ts": {"path":"/Users/kenr/Code/nodots-backgammon/nodots-backgammon-api/src/db/Games/index.ts","statementMap":{"0":{"start":{"line":1,"column":0},"end":{"line":1,"column":32}},"1":{"start":{"line":3,"column":0},"end":{"line":3,"column":37}},"2":{"start":{"line":10,"column":0},"end":{"line":10,"column":24}},"3":{"start":{"line":12,"column":24},"end":{"line":32,"column":null}},"4":{"start":{"line":15,"column":19},"end":{"line":32,"column":null}},"5":{"start":{"line":16,"column":2},"end":{"line":31,"column":3}},"6":{"start":{"line":17,"column":22},"end":{"line":26,"column":null}},"7":{"start":{"line":27,"column":4},"end":{"line":27,"column":null}},"8":{"start":{"line":29,"column":4},"end":{"line":29,"column":null}},"9":{"start":{"line":30,"column":4},"end":{"line":30,"column":null}},"10":{"start":{"line":12,"column":13},"end":{"line":12,"column":24}},"11":{"start":{"line":34,"column":24},"end":{"line":81,"column":null}},"12":{"start":{"line":36,"column":31},"end":{"line":81,"column":null}},"13":{"start":{"line":37,"column":2},"end":{"line":80,"column":3}},"14":{"start":{"line":38,"column":24},"end":{"line":38,"column":58}},"15":{"start":{"line":40,"column":36},"end":{"line":74,"column":6}},"16":{"start":{"line":41,"column":22},"end":{"line":42,"column":null}},"17":{"start":{"line":45,"column":8},"end":{"line":45,"column":64}},"18":{"start":{"line":50,"column":6},"end":{"line":53,"column":7}},"19":{"start":{"line":51,"column":8},"end":{"line":51,"column":null}},"20":{"start":{"line":51,"column":43},"end":{"line":51,"column":66}},"21":{"start":{"line":52,"column":8},"end":{"line":52,"column":null}},"22":{"start":{"line":52,"column":45},"end":{"line":52,"column":68}},"23":{"start":{"line":55,"column":23},"end":{"line":55,"column":57}},"24":{"start":{"line":56,"column":21},"end":{"line":58,"column":19}},"25":{"start":{"line":57,"column":30},"end":{"line":57,"column":47}},"26":{"start":{"line":60,"column":6},"end":{"line":73,"column":null}},"27":{"start":{"line":76,"column":4},"end":{"line":76,"column":null}},"28":{"start":{"line":78,"column":4},"end":{"line":78,"column":null}},"29":{"start":{"line":79,"column":4},"end":{"line":79,"column":null}},"30":{"start":{"line":34,"column":13},"end":{"line":34,"column":24}},"31":{"start":{"line":83,"column":23},"end":{"line":131,"column":null}},"32":{"start":{"line":86,"column":41},"end":{"line":131,"column":null}},"33":{"start":{"line":87,"column":2},"end":{"line":130,"column":3}},"34":{"start":{"line":88,"column":25},"end":{"line":91,"column":35}},"35":{"start":{"line":93,"column":4},"end":{"line":95,"column":5}},"36":{"start":{"line":94,"column":6},"end":{"line":94,"column":null}},"37":{"start":{"line":97,"column":20},"end":{"line":98,"column":null}},"38":{"start":{"line":100,"column":24},"end":{"line":100,"column":80}},"39":{"start":{"line":105,"column":4},"end":{"line":108,"column":5}},"40":{"start":{"line":106,"column":6},"end":{"line":106,"column":null}},"41":{"start":{"line":106,"column":41},"end":{"line":106,"column":64}},"42":{"start":{"line":107,"column":6},"end":{"line":107,"column":null}},"43":{"start":{"line":107,"column":43},"end":{"line":107,"column":66}},"44":{"start":{"line":110,"column":21},"end":{"line":110,"column":55}},"45":{"start":{"line":111,"column":19},"end":{"line":111,"column":80}},"46":{"start":{"line":111,"column":50},"end":{"line":111,"column":67}},"47":{"start":{"line":113,"column":4},"end":{"line":126,"column":null}},"48":{"start":{"line":128,"column":4},"end":{"line":128,"column":null}},"49":{"start":{"line":129,"column":4},"end":{"line":129,"column":null}},"50":{"start":{"line":83,"column":13},"end":{"line":83,"column":23}},"51":{"start":{"line":133,"column":26},"end":{"line":152,"column":null}},"52":{"start":{"line":136,"column":19},"end":{"line":152,"column":null}},"53":{"start":{"line":137,"column":2},"end":{"line":151,"column":3}},"54":{"start":{"line":138,"column":22},"end":{"line":146,"column":null}},"55":{"start":{"line":147,"column":4},"end":{"line":147,"column":null}},"56":{"start":{"line":149,"column":4},"end":{"line":149,"column":null}},"57":{"start":{"line":150,"column":4},"end":{"line":150,"column":null}},"58":{"start":{"line":133,"column":13},"end":{"line":133,"column":26}}},"fnMap":{"0":{"name":"(anonymous_11)","decl":{"start":{"line":12,"column":24},"end":{"line":12,"column":null}},"loc":{"start":{"line":15,"column":19},"end":{"line":32,"column":null}}},"1":{"name":"(anonymous_12)","decl":{"start":{"line":15,"column":19},"end":{"line":15,"column":null}},"loc":{"start":{"line":15,"column":19},"end":{"line":32,"column":1}}},"2":{"name":"(anonymous_13)","decl":{"start":{"line":34,"column":24},"end":{"line":34,"column":null}},"loc":{"start":{"line":36,"column":31},"end":{"line":81,"column":null}}},"3":{"name":"(anonymous_14)","decl":{"start":{"line":36,"column":31},"end":{"line":36,"column":null}},"loc":{"start":{"line":36,"column":31},"end":{"line":81,"column":1}}},"4":{"name":"(anonymous_15)","decl":{"start":{"line":40,"column":52},"end":{"line":40,"column":53}},"loc":{"start":{"line":40,"column":67},"end":{"line":74,"column":5}}},"5":{"name":"(anonymous_16)","decl":{"start":{"line":51,"column":36},"end":{"line":51,"column":37}},"loc":{"start":{"line":51,"column":43},"end":{"line":51,"column":66}}},"6":{"name":"(anonymous_17)","decl":{"start":{"line":52,"column":38},"end":{"line":52,"column":39}},"loc":{"start":{"line":52,"column":45},"end":{"line":52,"column":68}}},"7":{"name":"(anonymous_18)","decl":{"start":{"line":57,"column":23},"end":{"line":57,"column":24}},"loc":{"start":{"line":57,"column":30},"end":{"line":57,"column":47}}},"8":{"name":"(anonymous_19)","decl":{"start":{"line":83,"column":23},"end":{"line":83,"column":null}},"loc":{"start":{"line":86,"column":41},"end":{"line":131,"column":null}}},"9":{"name":"(anonymous_20)","decl":{"start":{"line":86,"column":41},"end":{"line":86,"column":null}},"loc":{"start":{"line":86,"column":41},"end":{"line":131,"column":1}}},"10":{"name":"(anonymous_21)","decl":{"start":{"line":106,"column":34},"end":{"line":106,"column":35}},"loc":{"start":{"line":106,"column":41},"end":{"line":106,"column":64}}},"11":{"name":"(anonymous_22)","decl":{"start":{"line":107,"column":36},"end":{"line":107,"column":37}},"loc":{"start":{"line":107,"column":43},"end":{"line":107,"column":66}}},"12":{"name":"(anonymous_23)","decl":{"start":{"line":111,"column":43},"end":{"line":111,"column":44}},"loc":{"start":{"line":111,"column":50},"end":{"line":111,"column":67}}},"13":{"name":"(anonymous_24)","decl":{"start":{"line":133,"column":26},"end":{"line":133,"column":null}},"loc":{"start":{"line":136,"column":19},"end":{"line":152,"column":null}}},"14":{"name":"(anonymous_25)","decl":{"start":{"line":136,"column":19},"end":{"line":136,"column":null}},"loc":{"start":{"line":136,"column":19},"end":{"line":152,"column":1}}}},"branchMap":{"0":{"loc":{"start":{"line":25,"column":14},"end":{"line":25,"column":29}},"type":"cond-expr","locations":[{"start":{"line":25,"column":25},"end":{"line":25,"column":27}},{"start":{"line":25,"column":25},"end":{"line":25,"column":29}}]},"1":{"loc":{"start":{"line":25,"column":14},"end":{"line":25,"column":27}},"type":"binary-expr","locations":[{"start":{"line":25,"column":14},"end":{"line":25,"column":27}},{"start":{"line":25,"column":25},"end":{"line":25,"column":27}}]},"2":{"loc":{"start":{"line":50,"column":6},"end":{"line":53,"column":7}},"type":"if","locations":[{"start":{"line":50,"column":6},"end":{"line":53,"column":7}}]},"3":{"loc":{"start":{"line":56,"column":21},"end":{"line":58,"column":19}},"type":"cond-expr","locations":[{"start":{"line":57,"column":10},"end":{"line":57,"column":48}},{"start":{"line":58,"column":10},"end":{"line":58,"column":19}}]},"4":{"loc":{"start":{"line":67,"column":20},"end":{"line":69,"column":21}},"type":"cond-expr","locations":[{"start":{"line":68,"column":12},"end":{"line":68,"column":56}},{"start":{"line":69,"column":12},"end":{"line":69,"column":21}}]},"5":{"loc":{"start":{"line":93,"column":4},"end":{"line":95,"column":5}},"type":"if","locations":[{"start":{"line":93,"column":4},"end":{"line":95,"column":5}}]},"6":{"loc":{"start":{"line":105,"column":4},"end":{"line":108,"column":5}},"type":"if","locations":[{"start":{"line":105,"column":4},"end":{"line":108,"column":5}}]},"7":{"loc":{"start":{"line":111,"column":19},"end":{"line":111,"column":80}},"type":"cond-expr","locations":[{"start":{"line":111,"column":30},"end":{"line":111,"column":68}},{"start":{"line":111,"column":71},"end":{"line":111,"column":80}}]},"8":{"loc":{"start":{"line":120,"column":18},"end":{"line":122,"column":19}},"type":"cond-expr","locations":[{"start":{"line":121,"column":10},"end":{"line":121,"column":54}},{"start":{"line":122,"column":10},"end":{"line":122,"column":19}}]},"9":{"loc":{"start":{"line":145,"column":14},"end":{"line":145,"column":29}},"type":"cond-expr","locations":[{"start":{"line":145,"column":25},"end":{"line":145,"column":27}},{"start":{"line":145,"column":25},"end":{"line":145,"column":29}}]},"10":{"loc":{"start":{"line":145,"column":14},"end":{"line":145,"column":27}},"type":"binary-expr","locations":[{"start":{"line":145,"column":14},"end":{"line":145,"column":27}},{"start":{"line":145,"column":25},"end":{"line":145,"column":27}}]}},"s":{"0":1,"1":1,"2":1,"3":1,"4":0,"5":0,"6":0,"7":0,"8":0,"9":0,"10":1,"11":1,"12":0,"13":0,"14":0,"15":0,"16":0,"17":0,"18":0,"19":0,"20":0,"21":0,"22":0,"23":0,"24":0,"25":0,"26":0,"27":0,"28":0,"29":0,"30":1,"31":1,"32":0,"33":0,"34":0,"35":0,"36":0,"37":0,"38":0,"39":0,"40":0,"41":0,"42":0,"43":0,"44":0,"45":0,"46":0,"47":0,"48":0,"49":0,"50":1,"51":1,"52":0,"53":0,"54":0,"55":0,"56":0,"57":0,"58":1},"f":{"0":0,"1":0,"2":0,"3":0,"4":0,"5":0,"6":0,"7":0,"8":0,"9":0,"10":0,"11":0,"12":0,"13":0,"14":0},"b":{"0":[0,0],"1":[0,0],"2":[0],"3":[0,0],"4":[0,0],"5":[0],"6":[0],"7":[0,0],"8":[0,0],"9":[0,0],"10":[0,0]}}
,"/Users/kenr/Code/nodots-backgammon/nodots-backgammon-api/src/db/Games/schema.ts": {"path":"/Users/kenr/Code/nodots-backgammon/nodots-backgammon-api/src/db/Games/schema.ts","statementMap":{"0":{"start":{"line":1,"column":0},"end":{"line":1,"column":66}},"1":{"start":{"line":3,"column":13},"end":{"line":3,"column":null}},"2":{"start":{"line":5,"column":13},"end":{"line":15,"column":null}},"3":{"start":{"line":17,"column":13},"end":{"line":17,"column":null}},"4":{"start":{"line":19,"column":13},"end":{"line":28,"column":null}},"5":{"start":{"line":30,"column":13},"end":{"line":33,"column":null}}},"fnMap":{},"branchMap":{},"s":{"0":1,"1":1,"2":1,"3":1,"4":1,"5":1},"f":{},"b":{}}
,"/Users/kenr/Code/nodots-backgammon/nodots-backgammon-api/src/routes/boards.ts": {"path":"/Users/kenr/Code/nodots-backgammon/nodots-backgammon-api/src/routes/boards.ts","statementMap":{"0":{"start":{"line":1,"column":0},"end":{"line":1,"column":32}},"1":{"start":{"line":2,"column":0},"end":{"line":2,"column":51}},"2":{"start":{"line":6,"column":28},"end":{"line":16,"column":1}},"3":{"start":{"line":7,"column":17},"end":{"line":7,"column":25}},"4":{"start":{"line":8,"column":49},"end":{"line":8,"column":54}},"5":{"start":{"line":10,"column":2},"end":{"line":13,"column":null}},"6":{"start":{"line":10,"column":37},"end":{"line":13,"column":4}},"7":{"start":{"line":11,"column":18},"end":{"line":11,"column":54}},"8":{"start":{"line":12,"column":4},"end":{"line":12,"column":null}},"9":{"start":{"line":15,"column":2},"end":{"line":15,"column":null}},"10":{"start":{"line":6,"column":13},"end":{"line":6,"column":28}}},"fnMap":{"0":{"name":"(anonymous_7)","decl":{"start":{"line":6,"column":28},"end":{"line":6,"column":46}},"loc":{"start":{"line":6,"column":48},"end":{"line":16,"column":1}}},"1":{"name":"(anonymous_8)","decl":{"start":{"line":10,"column":18},"end":{"line":10,"column":25}},"loc":{"start":{"line":10,"column":37},"end":{"line":13,"column":4}}},"2":{"name":"(anonymous_9)","decl":{"start":{"line":10,"column":37},"end":{"line":10,"column":null}},"loc":{"start":{"line":10,"column":37},"end":{"line":13,"column":3}}}},"branchMap":{},"s":{"0":1,"1":1,"2":1,"3":1,"4":1,"5":1,"6":1,"7":1,"8":1,"9":1,"10":1},"f":{"0":1,"1":1,"2":1},"b":{}}
,"/Users/kenr/Code/nodots-backgammon/nodots-backgammon-api/src/routes/games.ts": {"path":"/Users/kenr/Code/nodots-backgammon/nodots-backgammon-api/src/routes/games.ts","statementMap":{"0":{"start":{"line":2,"column":0},"end":{"line":2,"column":32}},"1":{"start":{"line":3,"column":0},"end":{"line":3,"column":69}},"2":{"start":{"line":7,"column":27},"end":{"line":50,"column":1}},"3":{"start":{"line":8,"column":17},"end":{"line":8,"column":25}},"4":{"start":{"line":9,"column":2},"end":{"line":16,"column":null}},"5":{"start":{"line":9,"column":38},"end":{"line":16,"column":4}},"6":{"start":{"line":10,"column":4},"end":{"line":15,"column":5}},"7":{"start":{"line":11,"column":6},"end":{"line":11,"column":null}},"8":{"start":{"line":12,"column":6},"end":{"line":12,"column":null}},"9":{"start":{"line":14,"column":6},"end":{"line":14,"column":null}},"10":{"start":{"line":18,"column":2},"end":{"line":25,"column":null}},"11":{"start":{"line":18,"column":38},"end":{"line":25,"column":4}},"12":{"start":{"line":19,"column":4},"end":{"line":24,"column":5}},"13":{"start":{"line":20,"column":20},"end":{"line":20,"column":38}},"14":{"start":{"line":21,"column":6},"end":{"line":21,"column":null}},"15":{"start":{"line":23,"column":6},"end":{"line":23,"column":null}},"16":{"start":{"line":27,"column":2},"end":{"line":38,"column":null}},"17":{"start":{"line":27,"column":40},"end":{"line":38,"column":4}},"18":{"start":{"line":28,"column":4},"end":{"line":37,"column":5}},"19":{"start":{"line":29,"column":19},"end":{"line":29,"column":51}},"20":{"start":{"line":30,"column":6},"end":{"line":33,"column":7}},"21":{"start":{"line":31,"column":8},"end":{"line":31,"column":null}},"22":{"start":{"line":32,"column":8},"end":{"line":32,"column":14}},"23":{"start":{"line":34,"column":6},"end":{"line":34,"column":null}},"24":{"start":{"line":36,"column":6},"end":{"line":36,"column":null}},"25":{"start":{"line":40,"column":2},"end":{"line":47,"column":null}},"26":{"start":{"line":40,"column":40},"end":{"line":47,"column":4}},"27":{"start":{"line":41,"column":4},"end":{"line":46,"column":5}},"28":{"start":{"line":42,"column":6},"end":{"line":42,"column":null}},"29":{"start":{"line":43,"column":6},"end":{"line":43,"column":null}},"30":{"start":{"line":45,"column":6},"end":{"line":45,"column":null}},"31":{"start":{"line":49,"column":2},"end":{"line":49,"column":null}},"32":{"start":{"line":7,"column":13},"end":{"line":7,"column":27}}},"fnMap":{"0":{"name":"(anonymous_7)","decl":{"start":{"line":7,"column":27},"end":{"line":7,"column":28}},"loc":{"start":{"line":7,"column":64},"end":{"line":50,"column":1}}},"1":{"name":"(anonymous_8)","decl":{"start":{"line":9,"column":19},"end":{"line":9,"column":26}},"loc":{"start":{"line":9,"column":38},"end":{"line":16,"column":4}}},"2":{"name":"(anonymous_9)","decl":{"start":{"line":9,"column":38},"end":{"line":9,"column":null}},"loc":{"start":{"line":9,"column":38},"end":{"line":16,"column":3}}},"3":{"name":"(anonymous_10)","decl":{"start":{"line":18,"column":18},"end":{"line":18,"column":25}},"loc":{"start":{"line":18,"column":38},"end":{"line":25,"column":4}}},"4":{"name":"(anonymous_11)","decl":{"start":{"line":18,"column":38},"end":{"line":18,"column":null}},"loc":{"start":{"line":18,"column":38},"end":{"line":25,"column":3}}},"5":{"name":"(anonymous_12)","decl":{"start":{"line":27,"column":21},"end":{"line":27,"column":28}},"loc":{"start":{"line":27,"column":40},"end":{"line":38,"column":4}}},"6":{"name":"(anonymous_13)","decl":{"start":{"line":27,"column":40},"end":{"line":27,"column":null}},"loc":{"start":{"line":27,"column":40},"end":{"line":38,"column":3}}},"7":{"name":"(anonymous_14)","decl":{"start":{"line":40,"column":21},"end":{"line":40,"column":28}},"loc":{"start":{"line":40,"column":40},"end":{"line":47,"column":4}}},"8":{"name":"(anonymous_15)","decl":{"start":{"line":40,"column":40},"end":{"line":40,"column":null}},"loc":{"start":{"line":40,"column":40},"end":{"line":47,"column":3}}}},"branchMap":{"0":{"loc":{"start":{"line":30,"column":6},"end":{"line":33,"column":7}},"type":"if","locations":[{"start":{"line":30,"column":6},"end":{"line":33,"column":7}}]}},"s":{"0":1,"1":1,"2":1,"3":1,"4":1,"5":1,"6":1,"7":1,"8":1,"9":0,"10":1,"11":1,"12":1,"13":1,"14":1,"15":0,"16":1,"17":2,"18":2,"19":2,"20":2,"21":1,"22":1,"23":1,"24":0,"25":1,"26":1,"27":1,"28":1,"29":1,"30":0,"31":1,"32":1},"f":{"0":1,"1":1,"2":1,"3":1,"4":1,"5":2,"6":2,"7":1,"8":1},"b":{"0":[1]}}
,"/Users/kenr/Code/nodots-backgammon/nodots-backgammon-api/src/routes/users.ts": {"path":"/Users/kenr/Code/nodots-backgammon/nodots-backgammon-api/src/routes/users.ts","statementMap":{"0":{"start":{"line":2,"column":0},"end":{"line":2,"column":32}},"1":{"start":{"line":7,"column":27},"end":{"line":21,"column":1}},"2":{"start":{"line":8,"column":17},"end":{"line":8,"column":25}},"3":{"start":{"line":10,"column":2},"end":{"line":12,"column":null}},"4":{"start":{"line":10,"column":37},"end":{"line":12,"column":4}},"5":{"start":{"line":11,"column":4},"end":{"line":11,"column":null}},"6":{"start":{"line":14,"column":2},"end":{"line":18,"column":null}},"7":{"start":{"line":14,"column":38},"end":{"line":18,"column":4}},"8":{"start":{"line":15,"column":39},"end":{"line":15,"column":47}},"9":{"start":{"line":17,"column":4},"end":{"line":17,"column":null}},"10":{"start":{"line":20,"column":2},"end":{"line":20,"column":null}},"11":{"start":{"line":7,"column":13},"end":{"line":7,"column":27}}},"fnMap":{"0":{"name":"(anonymous_7)","decl":{"start":{"line":7,"column":27},"end":{"line":7,"column":28}},"loc":{"start":{"line":7,"column":64},"end":{"line":21,"column":1}}},"1":{"name":"(anonymous_8)","decl":{"start":{"line":10,"column":18},"end":{"line":10,"column":25}},"loc":{"start":{"line":10,"column":37},"end":{"line":12,"column":4}}},"2":{"name":"(anonymous_9)","decl":{"start":{"line":10,"column":37},"end":{"line":10,"column":null}},"loc":{"start":{"line":10,"column":37},"end":{"line":12,"column":3}}},"3":{"name":"(anonymous_10)","decl":{"start":{"line":14,"column":19},"end":{"line":14,"column":26}},"loc":{"start":{"line":14,"column":38},"end":{"line":18,"column":4}}},"4":{"name":"(anonymous_11)","decl":{"start":{"line":14,"column":38},"end":{"line":14,"column":null}},"loc":{"start":{"line":14,"column":38},"end":{"line":18,"column":3}}}},"branchMap":{},"s":{"0":1,"1":1,"2":1,"3":1,"4":0,"5":0,"6":1,"7":0,"8":0,"9":0,"10":1,"11":1},"f":{"0":1,"1":0,"2":0,"3":0,"4":0},"b":{}}
}
