TN:
SF:src/db/Games/index.ts
FN:12,(anonymous_11)
FN:15,(anonymous_12)
FN:34,(anonymous_13)
FN:36,(anonymous_14)
FN:40,(anonymous_15)
FN:51,(anonymous_16)
FN:52,(anonymous_17)
FN:57,(anonymous_18)
FN:83,(anonymous_19)
FN:86,(anonymous_20)
FN:106,(anonymous_21)
FN:107,(anonymous_22)
FN:111,(anonymous_23)
FN:133,(anonymous_24)
FN:136,(anonymous_25)
FNF:15
FNH:0
FNDA:0,(anonymous_11)
FNDA:0,(anonymous_12)
FNDA:0,(anonymous_13)
FNDA:0,(anonymous_14)
FNDA:0,(anonymous_15)
FNDA:0,(anonymous_16)
FNDA:0,(anonymous_17)
FNDA:0,(anonymous_18)
FNDA:0,(anonymous_19)
FNDA:0,(anonymous_20)
FNDA:0,(anonymous_21)
FNDA:0,(anonymous_22)
FNDA:0,(anonymous_23)
FNDA:0,(anonymous_24)
FNDA:0,(anonymous_25)
DA:1,1
DA:3,1
DA:10,1
DA:12,1
DA:15,0
DA:16,0
DA:17,0
DA:27,0
DA:29,0
DA:30,0
DA:34,1
DA:36,0
DA:37,0
DA:38,0
DA:40,0
DA:41,0
DA:45,0
DA:50,0
DA:51,0
DA:52,0
DA:55,0
DA:56,0
DA:57,0
DA:60,0
DA:76,0
DA:78,0
DA:79,0
DA:83,1
DA:86,0
DA:87,0
DA:88,0
DA:93,0
DA:94,0
DA:97,0
DA:100,0
DA:105,0
DA:106,0
DA:107,0
DA:110,0
DA:111,0
DA:113,0
DA:128,0
DA:129,0
DA:133,1
DA:136,0
DA:137,0
DA:138,0
DA:147,0
DA:149,0
DA:150,0
LF:50
LH:7
BRDA:25,0,0,0
BRDA:25,0,1,0
BRDA:25,1,0,0
BRDA:25,1,1,0
BRDA:50,2,0,0
BRDA:56,3,0,0
BRDA:56,3,1,0
BRDA:67,4,0,0
BRDA:67,4,1,0
BRDA:93,5,0,0
BRDA:105,6,0,0
BRDA:111,7,0,0
BRDA:111,7,1,0
BRDA:120,8,0,0
BRDA:120,8,1,0
BRDA:145,9,0,0
BRDA:145,9,1,0
BRDA:145,10,0,0
BRDA:145,10,1,0
BRF:19
BRH:0
end_of_record
TN:
SF:src/db/Games/schema.ts
FNF:0
FNH:0
DA:1,1
DA:3,1
DA:5,1
DA:17,1
DA:19,1
DA:30,1
LF:6
LH:6
BRF:0
BRH:0
end_of_record
TN:
SF:src/routes/boards.ts
FN:6,(anonymous_7)
FN:10,(anonymous_8)
FN:10,(anonymous_9)
FNF:3
FNH:3
FNDA:1,(anonymous_7)
FNDA:1,(anonymous_8)
FNDA:1,(anonymous_9)
DA:1,1
DA:2,1
DA:6,1
DA:7,1
DA:8,1
DA:10,1
DA:11,1
DA:12,1
DA:15,1
LF:9
LH:9
BRF:0
BRH:0
end_of_record
TN:
SF:src/routes/games.ts
FN:7,(anonymous_7)
FN:9,(anonymous_8)
FN:9,(anonymous_9)
FN:18,(anonymous_10)
FN:18,(anonymous_11)
FN:27,(anonymous_12)
FN:27,(anonymous_13)
FN:40,(anonymous_14)
FN:40,(anonymous_15)
FNF:9
FNH:9
FNDA:1,(anonymous_7)
FNDA:1,(anonymous_8)
FNDA:1,(anonymous_9)
FNDA:1,(anonymous_10)
FNDA:1,(anonymous_11)
FNDA:2,(anonymous_12)
FNDA:2,(anonymous_13)
FNDA:1,(anonymous_14)
FNDA:1,(anonymous_15)
DA:2,1
DA:3,1
DA:7,1
DA:8,1
DA:9,1
DA:10,1
DA:11,1
DA:12,1
DA:14,0
DA:18,1
DA:19,1
DA:20,1
DA:21,1
DA:23,0
DA:27,2
DA:28,2
DA:29,2
DA:30,2
DA:31,1
DA:32,1
DA:34,1
DA:36,0
DA:40,1
DA:41,1
DA:42,1
DA:43,1
DA:45,0
DA:49,1
LF:28
LH:24
BRDA:30,0,0,1
BRF:1
BRH:1
end_of_record
TN:
SF:src/routes/users.ts
FN:7,(anonymous_7)
FN:10,(anonymous_8)
FN:10,(anonymous_9)
FN:14,(anonymous_10)
FN:14,(anonymous_11)
FNF:5
FNH:1
FNDA:1,(anonymous_7)
FNDA:0,(anonymous_8)
FNDA:0,(anonymous_9)
FNDA:0,(anonymous_10)
FNDA:0,(anonymous_11)
DA:2,1
DA:7,1
DA:8,1
DA:10,1
DA:11,0
DA:14,1
DA:15,0
DA:17,0
DA:20,1
LF:9
LH:6
BRF:0
BRH:0
end_of_record
